Arguments: 
  C:\Program Files\nodejs\node.exe C:\Users\abiod\AppData\Roaming\npm\node_modules\yarn\bin\yarn.js add nativewind

PATH: 
  C:\Program Files (x86)\Common Files\Oracle\Java\javapath;C:\Windows\system32;C:\Windows;C:\Windows\System32\Wbem;C:\Windows\System32\WindowsPowerShell\v1.0\;C:\Windows\System32\OpenSSH\;C:\Program Files\dotnet\;C:\Program Files\Git\cmd;C:\ProgramData\chocolatey\bin;C:\Program Files\nodejs\;C:\Users\abiod\AppData\Local\Andriod;C:\Users\abiod\AppData\Local\Andriod\Sdk\cmdline-tools\tools;C:\Users\abiod\AppData\Local\Andriod\Sdk\cmdline-tools\tools\bin;C:\Users\abiod\AppData\Local\Andriod\Sdk;C:\Users\abiod\AppData\Local\Android\Sdk\platform-tools;C:\Program Files\Java\jdk-19.0.1;C:\Users\abiod\AppData\Local\Android\Sdk\tools;C:\Users\abiod\AppData\Local\jdk-11.0.2\bin;C:\Program Files (x86)\Common Files\Oracle\Java\javapath;C:\Windows\system32;C:\Windows;C:\Windows\System32\Wbem;C:\Windows\System32\WindowsPowerShell\v1.0\;C:\Windows\System32\OpenSSH\;C:\Program Files\dotnet\;C:\Program Files\Git\cmd;C:\ProgramData\chocolatey\bin;C:\Program Files\nodejs\;C:\Users\abiod\AppData\Local\Andriod;C:\Users\abiod\AppData\Local\Andriod\Sdk\cmdline-tools\tools;C:\Users\abiod\AppData\Local\Andriod\Sdk\cmdline-tools\tools\bin;C:\Users\abiod\AppData\Local\Andriod\Sdk;C:\Users\abiod\AppData\Local\Android\Sdk\platform-tools;C:\Program Files\Java\jdk-19.0.1;;C:\Users\abiod\AppData\Roaming\npm;C:\Users\abiod\AppData\Local\Andriod\Sdk\platform-tools;C:\Users\abiod\AppData\Local\Programs\Microsoft VS Code\bin;C:\Program Files\Java\jdk-19.0.1;

Yarn version: 
  1.22.19

Node version: 
  16.18.0

Platform: 
  win32 x64

Trace: 
  Error: EBUSY: resource busy or locked, copyfile 'C:\Users\abiod\AppData\Local\Yarn\Cache\v6\npm-async-3.2.4-2d22e00f8cddeb5fde5dd33522b56d1cf569a81c-integrity\node_modules\async\concatLimit.js' -> 'F:\deliveri-clone\node_modules\async\concatLimit.js'

npm manifest: 
  {
    "name": "deliveri-clone",
    "version": "1.0.0",
    "main": "node_modules/expo/AppEntry.js",
    "scripts": {
      "start": "expo start",
      "android": "expo start --android",
      "ios": "expo start --ios",
      "web": "expo start --web"
    },
    "dependencies": {
      "expo": "~47.0.6",
      "expo-status-bar": "~1.4.2",
      "react": "18.1.0",
      "react-native": "0.70.5"
    },
    "devDependencies": {
      "@babel/core": "^7.12.9"
    },
    "private": true
  }

yarn manifest: 
  No manifest

Lockfile: 
  No lockfile
